1492230902940	geckodriver	INFO	Listening on 127.0.0.1:51873
2017-04-15 10:05:03.931 geckodriver[63999:1339967] Metadata.framework [Error]: couldn't get the client port
1492230903951	mozprofile::profile	INFO	Using profile path /var/folders/27/5rh27c8x3ns0rbd7qzn3bs3h0000gn/T/rust_mozprofile.xHw8NxLJwplR
1492230903957	geckodriver::marionette	INFO	Starting browser /Applications/Firefox.app/Contents/MacOS/firefox-bin with args []
1492230903970	geckodriver::marionette	INFO	Connecting to Marionette on localhost:51879
1492230904331	addons.manager	DEBUG	Application has been upgraded
1492230904389	addons.manager	DEBUG	Loaded provider scope for resource://gre/modules/addons/XPIProvider.jsm: ["XPIProvider"]
1492230904392	addons.manager	DEBUG	Loaded provider scope for resource://gre/modules/LightweightThemeManager.jsm: ["LightweightThemeManager"]
1492230904397	addons.manager	DEBUG	Loaded provider scope for resource://gre/modules/addons/GMPProvider.jsm
1492230904399	addons.manager	DEBUG	Loaded provider scope for resource://gre/modules/addons/PluginProvider.jsm
1492230904400	addons.manager	DEBUG	Starting provider: XPIProvider
1492230904400	addons.xpi	DEBUG	startup
1492230904401	addons.xpi	INFO	SystemAddonInstallLocation directory is missing
1492230904402	addons.xpi	INFO	Mapping aushelper@mozilla.org to /Applications/Firefox.app/Contents/Resources/browser/features/aushelper@mozilla.org.xpi
1492230904403	addons.xpi	INFO	Mapping deployment-checker@mozilla.org to /Applications/Firefox.app/Contents/Resources/browser/features/deployment-checker@mozilla.org.xpi
1492230904403	addons.xpi	INFO	Mapping e10srollout@mozilla.org to /Applications/Firefox.app/Contents/Resources/browser/features/e10srollout@mozilla.org.xpi
1492230904403	addons.xpi	INFO	Mapping firefox@getpocket.com to /Applications/Firefox.app/Contents/Resources/browser/features/firefox@getpocket.com.xpi
1492230904404	addons.xpi	INFO	Mapping webcompat@mozilla.org to /Applications/Firefox.app/Contents/Resources/browser/features/webcompat@mozilla.org.xpi
1492230904404	addons.xpi	INFO	Mapping {972ce4c6-7e08-4474-a285-3208198ce6fd} to /Applications/Firefox.app/Contents/Resources/browser/extensions/{972ce4c6-7e08-4474-a285-3208198ce6fd}.xpi
1492230904405	addons.xpi	DEBUG	checkForChanges
1492230904405	addons.xpi	INFO	SystemAddonInstallLocation directory is missing
1492230904405	addons.xpi	DEBUG	Loaded add-on state from prefs: {}
1492230904406	addons.xpi	DEBUG	New add-on aushelper@mozilla.org in app-system-defaults
1492230904407	addons.xpi	DEBUG	getModTime: Recursive scan of aushelper@mozilla.org
1492230904407	addons.xpi	DEBUG	New add-on deployment-checker@mozilla.org in app-system-defaults
1492230904408	addons.xpi	DEBUG	getModTime: Recursive scan of deployment-checker@mozilla.org
1492230904408	addons.xpi	DEBUG	New add-on e10srollout@mozilla.org in app-system-defaults
1492230904408	addons.xpi	DEBUG	getModTime: Recursive scan of e10srollout@mozilla.org
1492230904408	addons.xpi	DEBUG	New add-on firefox@getpocket.com in app-system-defaults
1492230904409	addons.xpi	DEBUG	getModTime: Recursive scan of firefox@getpocket.com
1492230904409	addons.xpi	DEBUG	New add-on webcompat@mozilla.org in app-system-defaults
1492230904409	addons.xpi	DEBUG	getModTime: Recursive scan of webcompat@mozilla.org
1492230904409	addons.xpi	DEBUG	New add-on {972ce4c6-7e08-4474-a285-3208198ce6fd} in app-global
1492230904410	addons.xpi	DEBUG	getModTime: Recursive scan of {972ce4c6-7e08-4474-a285-3208198ce6fd}
1492230904410	addons.xpi	DEBUG	getInstallState changed: true, state: {"app-system-defaults":{"aushelper@mozilla.org":{"d":"/Applications/Firefox.app/Contents/Resources/browser/features/aushelper@mozilla.org.xpi","st":1490298850000},"deployment-checker@mozilla.org":{"d":"/Applications/Firefox.app/Contents/Resources/browser/features/deployment-checker@mozilla.org.xpi","st":1490298850000},"e10srollout@mozilla.org":{"d":"/Applications/Firefox.app/Contents/Resources/browser/features/e10srollout@mozilla.org.xpi","st":1490298850000},"firefox@getpocket.com":{"d":"/Applications/Firefox.app/Contents/Resources/browser/features/firefox@getpocket.com.xpi","st":1490298850000},"webcompat@mozilla.org":{"d":"/Applications/Firefox.app/Contents/Resources/browser/features/webcompat@mozilla.org.xpi","st":1490298850000}},"app-global":{"{972ce4c6-7e08-4474-a285-3208198ce6fd}":{"d":"/Applications/Firefox.app/Contents/Resources/browser/extensions/{972ce4c6-7e08-4474-a285-3208198ce6fd}.xpi","st":1490298850000}}}
1492230904416	addons.xpi-utils	DEBUG	Opening XPI database /var/folders/27/5rh27c8x3ns0rbd7qzn3bs3h0000gn/T/rust_mozprofile.xHw8NxLJwplR/extensions.json
1492230904417	addons.xpi-utils	DEBUG	New add-on aushelper@mozilla.org installed in app-system-defaults
*** Blocklist::_loadBlocklistFromFile: blocklist is disabled
1492230904426	DeferredSave.extensions.json	DEBUG	Save changes
1492230904426	addons.xpi-utils	DEBUG	New add-on deployment-checker@mozilla.org installed in app-system-defaults
1492230904429	DeferredSave.extensions.json	DEBUG	Starting timer
1492230904431	DeferredSave.extensions.json	DEBUG	Save changes
1492230904431	addons.xpi-utils	DEBUG	New add-on e10srollout@mozilla.org installed in app-system-defaults
1492230904436	DeferredSave.extensions.json	DEBUG	Save changes
1492230904436	addons.xpi-utils	DEBUG	New add-on firefox@getpocket.com installed in app-system-defaults
1492230904441	DeferredSave.extensions.json	DEBUG	Save changes
1492230904441	addons.xpi-utils	DEBUG	New add-on webcompat@mozilla.org installed in app-system-defaults
1492230904445	DeferredSave.extensions.json	DEBUG	Save changes
1492230904445	addons.xpi-utils	DEBUG	New add-on {972ce4c6-7e08-4474-a285-3208198ce6fd} installed in app-global
1492230904449	DeferredSave.extensions.json	DEBUG	Save changes
1492230904450	addons.manager	DEBUG	Registering startup change 'installed' for aushelper@mozilla.org
1492230904461	addons.xpi	DEBUG	Loading bootstrap scope from /Applications/Firefox.app/Contents/Resources/browser/features/aushelper@mozilla.org.xpi
1492230904466	addons.xpi	DEBUG	Calling bootstrap method install on aushelper@mozilla.org version 2.0
1492230904466	addons.xpi-utils	DEBUG	Make addon app-system-defaults:aushelper@mozilla.org visible
1492230904466	DeferredSave.extensions.json	DEBUG	Save changes
1492230904467	addons.manager	DEBUG	Registering startup change 'installed' for deployment-checker@mozilla.org
1492230904468	addons.xpi	DEBUG	Loading bootstrap scope from /Applications/Firefox.app/Contents/Resources/browser/features/deployment-checker@mozilla.org.xpi
1492230904472	addons.xpi	DEBUG	Calling bootstrap method install on deployment-checker@mozilla.org version 1.0
1492230904491	addons.xpi-utils	DEBUG	Make addon app-system-defaults:deployment-checker@mozilla.org visible
1492230904491	DeferredSave.extensions.json	DEBUG	Save changes
1492230904491	addons.manager	DEBUG	Registering startup change 'installed' for e10srollout@mozilla.org
1492230904492	addons.xpi	DEBUG	Loading bootstrap scope from /Applications/Firefox.app/Contents/Resources/browser/features/e10srollout@mozilla.org.xpi
1492230904493	addons.xpi	DEBUG	Calling bootstrap method install on e10srollout@mozilla.org version 1.9
1492230904494	addons.xpi-utils	DEBUG	Make addon app-system-defaults:e10srollout@mozilla.org visible
1492230904495	DeferredSave.extensions.json	DEBUG	Save changes
1492230904495	addons.manager	DEBUG	Registering startup change 'installed' for firefox@getpocket.com
1492230904495	addons.xpi	DEBUG	Loading bootstrap scope from /Applications/Firefox.app/Contents/Resources/browser/features/firefox@getpocket.com.xpi
1492230904498	addons.xpi	DEBUG	Calling bootstrap method install on firefox@getpocket.com version 1.0.5
1492230904498	addons.xpi-utils	DEBUG	Make addon app-system-defaults:firefox@getpocket.com visible
1492230904499	DeferredSave.extensions.json	DEBUG	Save changes
1492230904499	addons.manager	DEBUG	Registering startup change 'installed' for webcompat@mozilla.org
1492230904499	addons.xpi	DEBUG	Loading bootstrap scope from /Applications/Firefox.app/Contents/Resources/browser/features/webcompat@mozilla.org.xpi
1492230904500	addons.xpi	DEBUG	Calling bootstrap method install on webcompat@mozilla.org version 1.0
1492230904501	addons.xpi-utils	DEBUG	Make addon app-system-defaults:webcompat@mozilla.org visible
1492230904501	DeferredSave.extensions.json	DEBUG	Save changes
1492230904501	addons.xpi-utils	DEBUG	Make addon app-global:{972ce4c6-7e08-4474-a285-3208198ce6fd} visible
1492230904501	DeferredSave.extensions.json	DEBUG	Save changes
1492230904502	addons.xpi	DEBUG	Updating XPIState for {"id":"aushelper@mozilla.org","syncGUID":"{6d435a8b-2fac-a947-9789-5dee064508fb}","location":"app-system-defaults","version":"2.0","type":"extension","internalName":null,"updateURL":null,"updateKey":null,"optionsURL":null,"optionsType":null,"aboutURL":null,"icons":{},"iconURL":null,"icon64URL":null,"defaultLocale":{"name":"Application Update Service Helper","description":"Sets value(s) in the update url based on custom checks.","creator":null,"homepageURL":null},"visible":true,"active":true,"userDisabled":false,"appDisabled":false,"descriptor":"/Applications/Firefox.app/Contents/Resources/browser/features/aushelper@mozilla.org.xpi","installDate":1490298850000,"updateDate":1490298850000,"applyBackgroundUpdates":1,"bootstrap":true,"skinnable":false,"size":8488,"sourceURI":null,"releaseNotesURI":null,"softDisabled":false,"foreignInstall":false,"hasBinaryComponents":false,"strictCompatibility":false,"locales":[],"targetApplications":[{"id":"{ec8030f7-c20a-464f-9b0e-13a3a9e97384}","minVersion":"52.0.2","maxVersion":"52.*"}],"targetPlatforms":[],"multiprocessCompatible":true,"seen":true,"dependencies":[],"hasEmbeddedWebExtension":false,"mpcOptedOut":false}
1492230904502	addons.xpi	DEBUG	getModTime: Recursive scan of aushelper@mozilla.org
1492230904502	addons.xpi	DEBUG	Updating XPIState for {"id":"deployment-checker@mozilla.org","syncGUID":"{f4ac6bf0-1bb6-c146-aa95-54aaf8ff0f07}","location":"app-system-defaults","version":"1.0","type":"extension","internalName":null,"updateURL":null,"updateKey":null,"optionsURL":null,"optionsType":null,"aboutURL":null,"icons":{},"iconURL":null,"icon64URL":null,"defaultLocale":{"name":"Site Deployment Checker","description":"Check that Users Encounter Mozilla Sites as Deployed by Mozilla","creator":null,"homepageURL":null},"visible":true,"active":true,"userDisabled":false,"appDisabled":false,"descriptor":"/Applications/Firefox.app/Contents/Resources/browser/features/deployment-checker@mozilla.org.xpi","installDate":1490298850000,"updateDate":1490298850000,"applyBackgroundUpdates":1,"bootstrap":true,"skinnable":false,"size":11555,"sourceURI":null,"releaseNotesURI":null,"softDisabled":false,"foreignInstall":false,"hasBinaryComponents":false,"strictCompatibility":false,"locales":[],"targetApplications":[{"id":"{ec8030f7-c20a-464f-9b0e-13a3a9e97384}","minVersion":"52.0.2","maxVersion":"52.*"}],"targetPlatforms":[],"multiprocessCompatible":true,"seen":true,"dependencies":[],"hasEmbeddedWebExtension":false,"mpcOptedOut":false}
1492230904502	addons.xpi	DEBUG	getModTime: Recursive scan of deployment-checker@mozilla.org
1492230904502	addons.xpi	DEBUG	Updating XPIState for {"id":"e10srollout@mozilla.org","syncGUID":"{7d721a61-cdae-9447-92b0-fefa4430c36d}","location":"app-system-defaults","version":"1.9","type":"extension","internalName":null,"updateURL":null,"updateKey":null,"optionsURL":null,"optionsType":null,"aboutURL":null,"icons":{},"iconURL":null,"icon64URL":null,"defaultLocale":{"name":"Multi-process staged rollout","description":"Staged rollout of Firefox multi-process feature.","creator":null,"homepageURL":null},"visible":true,"active":true,"userDisabled":false,"appDisabled":false,"descriptor":"/Applications/Firefox.app/Contents/Resources/browser/features/e10srollout@mozilla.org.xpi","installDate":1490298850000,"updateDate":1490298850000,"applyBackgroundUpdates":1,"bootstrap":true,"skinnable":false,"size":7183,"sourceURI":null,"releaseNotesURI":null,"softDisabled":false,"foreignInstall":false,"hasBinaryComponents":false,"strictCompatibility":false,"locales":[],"targetApplications":[{"id":"{ec8030f7-c20a-464f-9b0e-13a3a9e97384}","minVersion":"52.0.2","maxVersion":"52.*"}],"targetPlatforms":[],"multiprocessCompatible":true,"seen":true,"dependencies":[],"hasEmbeddedWebExtension":false,"mpcOptedOut":false}
1492230904503	addons.xpi	DEBUG	getModTime: Recursive scan of e10srollout@mozilla.org
1492230904503	addons.xpi	DEBUG	Updating XPIState for {"id":"firefox@getpocket.com","syncGUID":"{932990d8-1f18-524f-ae19-ebe4ff7ce5c3}","location":"app-system-defaults","version":"1.0.5","type":"extension","internalName":null,"updateURL":null,"updateKey":null,"optionsURL":null,"optionsType":null,"aboutURL":null,"icons":{},"iconURL":null,"icon64URL":null,"defaultLocale":{"name":"Pocket","description":"When you find something you want to view later, put it in Pocket.","creator":null,"homepageURL":null},"visible":true,"active":true,"userDisabled":false,"appDisabled":false,"descriptor":"/Applications/Firefox.app/Contents/Resources/browser/features/firefox@getpocket.com.xpi","installDate":1490298850000,"updateDate":1490298850000,"applyBackgroundUpdates":1,"bootstrap":true,"skinnable":false,"size":920281,"sourceURI":null,"releaseNotesURI":null,"softDisabled":false,"foreignInstall":false,"hasBinaryComponents":false,"strictCompatibility":false,"locales":[],"targetApplications":[{"id":"{ec8030f7-c20a-464f-9b0e-13a3a9e97384}","minVersion":"52.0.2","maxVersion":"52.*"}],"targetPlatforms":[],"multiprocessCompatible":true,"seen":true,"dependencies":[],"hasEmbeddedWebExtension":false,"mpcOptedOut":false}
1492230904503	addons.xpi	DEBUG	getModTime: Recursive scan of firefox@getpocket.com
1492230904503	addons.xpi	DEBUG	Updating XPIState for {"id":"webcompat@mozilla.org","syncGUID":"{1c4bd631-448e-e34b-83f6-1f101ffeee5c}","location":"app-system-defaults","version":"1.0","type":"extension","internalName":null,"updateURL":null,"updateKey":null,"optionsURL":null,"optionsType":null,"aboutURL":null,"icons":{},"iconURL":null,"icon64URL":null,"defaultLocale":{"name":"Web Compat","description":"Urgent post-release fixes for web compatibility.","creator":null,"homepageURL":null},"visible":true,"active":true,"userDisabled":false,"appDisabled":false,"descriptor":"/Applications/Firefox.app/Contents/Resources/browser/features/webcompat@mozilla.org.xpi","installDate":1490298850000,"updateDate":1490298850000,"applyBackgroundUpdates":1,"bootstrap":true,"skinnable":false,"size":1456,"sourceURI":null,"releaseNotesURI":null,"softDisabled":false,"foreignInstall":false,"hasBinaryComponents":false,"strictCompatibility":false,"locales":[],"targetApplications":[{"id":"{ec8030f7-c20a-464f-9b0e-13a3a9e97384}","minVersion":"52.0.2","maxVersion":"52.*"}],"targetPlatforms":[],"multiprocessCompatible":true,"seen":true,"dependencies":[],"hasEmbeddedWebExtension":false,"mpcOptedOut":false}
1492230904503	addons.xpi	DEBUG	getModTime: Recursive scan of webcompat@mozilla.org
1492230904504	addons.xpi	DEBUG	Updating XPIState for {"id":"{972ce4c6-7e08-4474-a285-3208198ce6fd}","syncGUID":"{1e026075-6105-8044-b0c6-305bf14b53b1}","location":"app-global","version":"52.0.2","type":"theme","internalName":"classic/1.0","updateURL":null,"updateKey":null,"optionsURL":null,"optionsType":null,"aboutURL":null,"icons":{"32":"icon.png","48":"icon.png"},"iconURL":null,"icon64URL":null,"defaultLocale":{"name":"Default","description":"The default theme.","creator":"Mozilla","homepageURL":null,"contributors":["Mozilla Contributors"]},"visible":true,"active":true,"userDisabled":false,"appDisabled":false,"descriptor":"/Applications/Firefox.app/Contents/Resources/browser/extensions/{972ce4c6-7e08-4474-a285-3208198ce6fd}.xpi","installDate":1490298850000,"updateDate":1490298850000,"applyBackgroundUpdates":1,"skinnable":true,"size":6352,"sourceURI":null,"releaseNotesURI":null,"softDisabled":false,"foreignInstall":false,"hasBinaryComponents":false,"strictCompatibility":true,"locales":[],"targetApplications":[{"id":"{ec8030f7-c20a-464f-9b0e-13a3a9e97384}","minVersion":"52.0.2","maxVersion":"52.0.2"}],"targetPlatforms":[],"seen":true,"dependencies":[],"hasEmbeddedWebExtension":false}
1492230904504	addons.xpi	DEBUG	getModTime: Recursive scan of {972ce4c6-7e08-4474-a285-3208198ce6fd}
1492230904504	DeferredSave.extensions.json	DEBUG	Save changes
1492230904504	addons.xpi	DEBUG	Updating database with changes to installed add-ons
1492230904505	addons.xpi-utils	DEBUG	Updating add-on states
1492230904505	addons.xpi-utils	DEBUG	Writing add-ons list
1492230904508	addons.xpi	DEBUG	Registering manifest for /Applications/Firefox.app/Contents/Resources/browser/features/aushelper@mozilla.org.xpi
1492230904508	addons.xpi	DEBUG	Calling bootstrap method startup on aushelper@mozilla.org version 2.0
1492230904509	addons.xpi	DEBUG	Registering manifest for /Applications/Firefox.app/Contents/Resources/browser/features/deployment-checker@mozilla.org.xpi
1492230904509	addons.xpi	DEBUG	Calling bootstrap method startup on deployment-checker@mozilla.org version 1.0
1492230904510	addons.xpi	DEBUG	Registering manifest for /Applications/Firefox.app/Contents/Resources/browser/features/e10srollout@mozilla.org.xpi
1492230904510	addons.xpi	DEBUG	Calling bootstrap method startup on e10srollout@mozilla.org version 1.9
1492230904510	addons.xpi	DEBUG	Registering manifest for /Applications/Firefox.app/Contents/Resources/browser/features/firefox@getpocket.com.xpi
1492230904511	addons.xpi	DEBUG	Calling bootstrap method startup on firefox@getpocket.com version 1.0.5
1492230904511	addons.xpi	DEBUG	Registering manifest for /Applications/Firefox.app/Contents/Resources/browser/features/webcompat@mozilla.org.xpi
1492230904512	addons.xpi	DEBUG	Calling bootstrap method startup on webcompat@mozilla.org version 1.0
1492230904514	addons.manager	DEBUG	Registering shutdown blocker for XPIProvider
1492230904514	addons.manager	DEBUG	Provider finished startup: XPIProvider
1492230904515	addons.manager	DEBUG	Starting provider: LightweightThemeManager
1492230904515	addons.manager	DEBUG	Registering shutdown blocker for LightweightThemeManager
1492230904515	addons.manager	DEBUG	Provider finished startup: LightweightThemeManager
1492230904516	addons.manager	DEBUG	Starting provider: GMPProvider
1492230904522	addons.manager	DEBUG	Registering shutdown blocker for GMPProvider
1492230904522	addons.manager	DEBUG	Provider finished startup: GMPProvider
1492230904522	addons.manager	DEBUG	Starting provider: PluginProvider
1492230904523	addons.manager	DEBUG	Registering shutdown blocker for PluginProvider
1492230904523	addons.manager	DEBUG	Provider finished startup: PluginProvider
1492230904523	addons.manager	DEBUG	Completed startup sequence
1492230904711	Marionette	INFO	Listening on port 51879
1492230904946	addons.manager	DEBUG	Starting provider: <unnamed-provider>
1492230904946	addons.manager	DEBUG	Registering shutdown blocker for <unnamed-provider>
1492230904946	addons.manager	DEBUG	Provider finished startup: <unnamed-provider>
1492230904988	addons.manager	DEBUG	Starting provider: PreviousExperimentProvider
1492230904988	addons.manager	DEBUG	Registering shutdown blocker for PreviousExperimentProvider
1492230904988	addons.manager	DEBUG	Provider finished startup: PreviousExperimentProvider
1492230904991	DeferredSave.extensions.json	DEBUG	Starting write
1492230905039	Marionette	WARN	TLS certificate errors will be ignored for this session
1492230905116	DeferredSave.extensions.json	DEBUG	Write succeeded
1492230905117	addons.xpi-utils	DEBUG	XPI Database saved, setting schema version preference to 19
JavaScript error: chrome://marionette/content/listener.js, line 1117: NS_ERROR_MALFORMED_URI: 
2017-04-15 10:05:06.277 plugin-container[64002:1340103] *** CFMessagePort: bootstrap_register(): failed 1100 (0x44c) 'Permission denied', port = 0x9543, name = 'com.apple.tsm.portname'
See /usr/include/servers/bootstrap_defs.h for the error codes.
2017-04-15 10:05:06.277 plugin-container[64002:1340103] *** CFMessagePort: bootstrap_register(): failed 1100 (0x44c) 'Permission denied', port = 0x4e13, name = 'com.apple.CFPasteboardClient'
See /usr/include/servers/bootstrap_defs.h for the error codes.
2017-04-15 10:05:06.277 plugin-container[64002:1340103] Failed to allocate communication port for com.apple.CFPasteboardClient; this is likely due to sandbox restrictions
1492230959271	addons.xpi	DEBUG	Calling bootstrap method shutdown on webcompat@mozilla.org version 1.0
1492230959271	addons.xpi	DEBUG	Calling bootstrap method shutdown on firefox@getpocket.com version 1.0.5
1492230959272	addons.xpi	DEBUG	Calling bootstrap method shutdown on e10srollout@mozilla.org version 1.9
1492230959272	addons.xpi	DEBUG	Calling bootstrap method shutdown on deployment-checker@mozilla.org version 1.0
1492230959273	addons.xpi	DEBUG	Calling bootstrap method shutdown on aushelper@mozilla.org version 2.0
1492230959466	addons.manager	DEBUG	shutdown
1492230959466	addons.manager	DEBUG	Calling shutdown blocker for XPIProvider
1492230959466	addons.xpi	DEBUG	shutdown
1492230959466	addons.xpi-utils	DEBUG	shutdown
1492230959467	addons.manager	DEBUG	Calling shutdown blocker for LightweightThemeManager
1492230959467	addons.manager	DEBUG	Calling shutdown blocker for GMPProvider
1492230959469	addons.manager	DEBUG	Calling shutdown blocker for PluginProvider
1492230959469	addons.manager	DEBUG	Calling shutdown blocker for <unnamed-provider>
1492230959471	addons.manager	DEBUG	Calling shutdown blocker for PreviousExperimentProvider
1492230959473	addons.xpi	DEBUG	Notifying XPI shutdown observers
1492230959476	addons.manager	DEBUG	Async provider shutdown done
